<?xml version="1.0" encoding="UTF-8"?>
<testng-results ignored="0" total="1" passed="1" failed="0" skipped="0">
  <reporter-output>
  </reporter-output>
  <suite started-at="2021-02-04T16:42:26 IST" name="Default suite" finished-at="2021-02-04T16:42:38 IST" duration-ms="12208">
    <groups>
    </groups>
    <test started-at="2021-02-04T16:42:26 IST" name="Default test" finished-at="2021-02-04T16:42:38 IST" duration-ms="12208">
      <class name="com.selenium.mybooksapp.POM.RegisterPageTests">
        <test-method is-config="true" signature="initDriver()[pri:0, instance:com.selenium.mybooksapp.POM.RegisterPageTests@747edf66]" started-at="2021-02-04T16:42:26 IST" name="initDriver" finished-at="2021-02-04T16:42:30 IST" duration-ms="3841" status="PASS">
          <reporter-output>
          </reporter-output>
        </test-method> <!-- initDriver -->
        <test-method signature="registerUser()[pri:0, instance:com.selenium.mybooksapp.POM.RegisterPageTests@747edf66]" started-at="2021-02-04T16:42:30 IST" name="registerUser" finished-at="2021-02-04T16:42:38 IST" duration-ms="7678" status="PASS">
          <reporter-output>
          </reporter-output>
        </test-method> <!-- registerUser -->
        <test-method is-config="true" signature="destroy()[pri:0, instance:com.selenium.mybooksapp.POM.RegisterPageTests@747edf66]" started-at="2021-02-04T16:42:38 IST" name="destroy" finished-at="2021-02-04T16:42:38 IST" duration-ms="653" status="PASS">
          <reporter-output>
          </reporter-output>
        </test-method> <!-- destroy -->
      </class> <!-- com.selenium.mybooksapp.POM.RegisterPageTests -->
    </test> <!-- Default test -->
  </suite> <!-- Default suite -->
</testng-results>
