<?xml version="1.0" encoding="UTF-8"?>
<!-- Generated by org.testng.reporters.JUnitXMLReporter -->
<testsuite ignored="0" hostname="DESKTOP-GD1H4LE" failures="0" tests="8" name="Default test" time="7.481" errors="0" timestamp="2021-02-05T11:42:27 IST">
  <testcase classname="com.stackroute.userservice.controller.RestAssuredTests" name="testPostMethod" time="4.634"/>
  <testcase classname="com.stackroute.userservice.controller.RestAssuredTests" name="EnteredValidDataUserLogin" time="0.722"/>
  <testcase classname="com.stackroute.userservice.controller.RestAssuredTests" name="enteredValidDataUserRegistered" time="0.247"/>
  <testcase classname="com.stackroute.userservice.controller.RestAssuredTests" name="enteredExistingDataErrorMessage" time="0.083"/>
  <testcase classname="com.stackroute.userservice.controller.RestAssuredTests" name="updateDataSuccess" time="0.186"/>
  <testcase classname="com.stackroute.userservice.controller.RestAssuredTests" name="lastNameEnteredEmptyThenErrorMessage" time="0.071"/>
  <testcase classname="com.stackroute.userservice.controller.RestAssuredTests" name="firstNameEnteredEmptyThenErrorMessage" time="0.065"/>
  <testcase classname="com.stackroute.userservice.controller.RestAssuredTests" name="enteredInvalidCredentialsShowErrorMessage" time="0.069"/>
</testsuite> <!-- Default test -->
