<?xml version="1.0" encoding="UTF-8"?>
<testng-results ignored="0" total="8" passed="8" failed="0" skipped="0">
  <reporter-output>
  </reporter-output>
  <suite started-at="2021-02-05T11:42:20 IST" name="Default suite" finished-at="2021-02-05T11:42:27 IST" duration-ms="7481">
    <groups>
    </groups>
    <test started-at="2021-02-05T11:42:20 IST" name="Default test" finished-at="2021-02-05T11:42:27 IST" duration-ms="7481">
      <class name="com.stackroute.userservice.controller.RestAssuredTests">
        <test-method is-config="true" signature="setUp()[pri:0, instance:com.stackroute.userservice.controller.RestAssuredTests@2b48a640]" started-at="2021-02-05T11:42:20 IST" name="setUp" finished-at="2021-02-05T11:42:21 IST" duration-ms="1289" status="PASS">
          <reporter-output>
          </reporter-output>
        </test-method> <!-- setUp -->
        <test-method signature="testPostMethod()[pri:1, instance:com.stackroute.userservice.controller.RestAssuredTests@2b48a640]" started-at="2021-02-05T11:42:21 IST" name="testPostMethod" finished-at="2021-02-05T11:42:26 IST" duration-ms="4634" status="PASS">
          <reporter-output>
          </reporter-output>
        </test-method> <!-- testPostMethod -->
        <test-method signature="EnteredValidDataUserLogin()[pri:2, instance:com.stackroute.userservice.controller.RestAssuredTests@2b48a640]" started-at="2021-02-05T11:42:26 IST" name="EnteredValidDataUserLogin" finished-at="2021-02-05T11:42:27 IST" duration-ms="722" status="PASS">
          <reporter-output>
          </reporter-output>
        </test-method> <!-- EnteredValidDataUserLogin -->
        <test-method signature="enteredValidDataUserRegistered()[pri:3, instance:com.stackroute.userservice.controller.RestAssuredTests@2b48a640]" started-at="2021-02-05T11:42:27 IST" name="enteredValidDataUserRegistered" finished-at="2021-02-05T11:42:27 IST" duration-ms="247" status="PASS">
          <reporter-output>
          </reporter-output>
        </test-method> <!-- enteredValidDataUserRegistered -->
        <test-method signature="enteredExistingDataErrorMessage()[pri:4, instance:com.stackroute.userservice.controller.RestAssuredTests@2b48a640]" started-at="2021-02-05T11:42:27 IST" name="enteredExistingDataErrorMessage" finished-at="2021-02-05T11:42:27 IST" duration-ms="83" status="PASS">
          <reporter-output>
          </reporter-output>
        </test-method> <!-- enteredExistingDataErrorMessage -->
        <test-method signature="updateDataSuccess()[pri:5, instance:com.stackroute.userservice.controller.RestAssuredTests@2b48a640]" started-at="2021-02-05T11:42:27 IST" name="updateDataSuccess" finished-at="2021-02-05T11:42:27 IST" duration-ms="186" status="PASS">
          <reporter-output>
          </reporter-output>
        </test-method> <!-- updateDataSuccess -->
        <test-method signature="lastNameEnteredEmptyThenErrorMessage()[pri:6, instance:com.stackroute.userservice.controller.RestAssuredTests@2b48a640]" started-at="2021-02-05T11:42:27 IST" name="lastNameEnteredEmptyThenErrorMessage" finished-at="2021-02-05T11:42:27 IST" duration-ms="71" status="PASS">
          <reporter-output>
          </reporter-output>
        </test-method> <!-- lastNameEnteredEmptyThenErrorMessage -->
        <test-method signature="firstNameEnteredEmptyThenErrorMessage()[pri:7, instance:com.stackroute.userservice.controller.RestAssuredTests@2b48a640]" started-at="2021-02-05T11:42:27 IST" name="firstNameEnteredEmptyThenErrorMessage" finished-at="2021-02-05T11:42:27 IST" duration-ms="65" status="PASS">
          <reporter-output>
          </reporter-output>
        </test-method> <!-- firstNameEnteredEmptyThenErrorMessage -->
        <test-method signature="enteredInvalidCredentialsShowErrorMessage()[pri:8, instance:com.stackroute.userservice.controller.RestAssuredTests@2b48a640]" started-at="2021-02-05T11:42:27 IST" name="enteredInvalidCredentialsShowErrorMessage" finished-at="2021-02-05T11:42:27 IST" duration-ms="69" status="PASS">
          <reporter-output>
          </reporter-output>
        </test-method> <!-- enteredInvalidCredentialsShowErrorMessage -->
      </class> <!-- com.stackroute.userservice.controller.RestAssuredTests -->
    </test> <!-- Default test -->
  </suite> <!-- Default suite -->
</testng-results>
